\BOOKMARK [1][-]{section.1}{\376\377\000R\000a\000n\000d\000o\000m\000\040\000F\000o\000r\000e\000s\000t\124\214\000B\000a\000g\000g\000i\000n\000g\173\227\154\325}{}% 1
\BOOKMARK [1][-]{section.2}{\376\377\000I\000t\000e\000r\000a\000t\000i\000v\000e\000B\000a\000g\000g\000i\000n\000g\173\227\154\325\000B\000r\000e\000i\000m\000a\000n\000:\0002\0000\0000\0001\000:\000U\000I\000B\000:\0005\0001\0004\0009\0001\0005\000.\0005\0001\0004\0009\0001\0007}{}% 2
\BOOKMARK [2][-]{subsection.2.1}{\376\377\000I\000t\000e\000r\000a\000t\000i\000v\000e\000B\000a\000g\000g\000i\000n\000g\126\336\137\122\173\227\154\325\116\313\176\315}{section.2}% 3
\BOOKMARK [2][-]{subsection.2.2}{\376\377\000I\000t\000e\000r\000a\000t\000i\000v\000e\000B\000a\000g\000g\000i\000n\000g\122\006\174\173\173\227\154\325\116\313\176\315}{section.2}% 4
\BOOKMARK [2][-]{subsection.2.3}{\376\377\000I\000t\000e\000r\000a\000t\000i\000v\000e\000B\000a\000g\000g\000i\000n\000g\173\227\154\325\172\013\136\217\133\236\163\260}{section.2}% 5
\BOOKMARK [3][-]{subsubsection.2.3.1}{\376\377\000I\000t\000e\000r\000a\000t\000i\000v\000e\000B\000a\000g\000g\000i\000n\000g\126\336\137\122\173\227\154\325\172\013\136\217\133\236\163\260}{subsection.2.3}% 6
\BOOKMARK [3][-]{subsubsection.2.3.2}{\376\377\000I\000t\000e\000r\000a\000t\000i\000v\000e\000B\000a\000g\000g\000i\000n\000g\122\006\174\173\173\227\154\325\172\013\136\217\133\236\163\260}{subsection.2.3}% 7
\BOOKMARK [2][-]{subsection.2.4}{\376\377\000I\000t\000e\000r\000a\000t\000i\000v\000e\000B\000a\000g\000g\000i\000n\000g\173\227\154\325\155\113\213\325}{section.2}% 8
\BOOKMARK [3][-]{subsubsection.2.4.1}{\376\377\000I\000t\000e\000r\000a\000t\000i\000v\000e\000B\000a\000g\000g\000i\000n\000g\126\336\137\122\173\227\154\325\155\113\213\325}{subsection.2.4}% 9
\BOOKMARK [3][-]{subsubsection.2.4.2}{\376\377\000I\000t\000e\000r\000a\000t\000i\000v\000e\000B\000a\000g\000g\000i\000n\000g\122\006\174\173\173\227\154\325\155\113\213\325}{subsection.2.4}% 10
\BOOKMARK [3][-]{subsubsection.2.4.3}{\376\377\000I\000t\000e\000r\000a\000t\000i\000v\000e\000B\000a\000g\000g\000i\000n\000g\173\227\154\325\145\110\147\234\140\073\176\323}{subsection.2.4}% 11
\BOOKMARK [1][-]{section.3}{\376\377\000M\000u\000l\000t\000i\000b\000o\000o\000s\000t\000i\000n\000g\173\227\154\325\000W\000e\000b\000b\000:\0002\0000\0000\0000\000:\000M\000T\000C\000:\0003\0005\0000\0001\0002\0008\000.\0003\0005\0000\0001\0003\0002}{}% 12
\BOOKMARK [2][-]{subsection.3.1}{\376\377\000M\000u\000l\000t\000i\000b\000o\000o\000s\000t\000i\000n\000g\173\227\154\325\116\313\176\315}{section.3}% 13
\BOOKMARK [2][-]{subsection.3.2}{\376\377\000M\000u\000l\000t\000i\000b\000o\000o\000s\000t\000i\000n\000g\173\227\154\325\133\236\163\260}{section.3}% 14
\BOOKMARK [2][-]{subsection.3.3}{\376\377\000M\000u\000l\000t\000i\000b\000o\000o\000s\000t\000i\000n\000g\173\227\154\325\155\113\213\325}{section.3}% 15
\BOOKMARK [3][-]{subsubsection.3.3.1}{\376\377\127\372\122\006\174\173\126\150\145\160\221\317}{subsection.3.3}% 16
\BOOKMARK [3][-]{subsubsection.3.3.2}{\376\377\121\263\173\126\150\021\147\000\131\047\155\361\136\246}{subsection.3.3}% 17
\BOOKMARK [2][-]{subsection.3.4}{\376\377\000M\000u\000l\000t\000i\000b\000o\000o\000s\000t\000i\000n\000g\176\323\147\234\122\006\147\220}{section.3}% 18
\BOOKMARK [1][-]{appendix.A}{\376\377\121\163\116\216\122\006\135\345}{}% 19
\BOOKMARK [1][-]{appendix.B}{\376\377\121\163\116\216\172\013\136\217\166\204\213\364\146\016}{}% 20
